Flow report for finalPRO
Fri Jun 09 15:37:12 2017
Quartus II Version 9.1 Build 304 01/25/2010 Service Pack 1 SJ Web Edition


---------------------
; Table of Contents ;
---------------------
  1. Legal Notice
  2. Flow Summary
  3. Flow Settings
  4. Flow Non-Default Global Settings
  5. Flow Elapsed Time
  6. Flow OS Summary
  7. Flow Log



----------------
; Legal Notice ;
----------------
Copyright (C) 1991-2010 Altera Corporation
Your use of Altera Corporation's design tools, logic functions 
and other software and tools, and its AMPP partner logic 
functions, and any output files from any of the foregoing 
(including device programming or simulation files), and any 
associated documentation or information are expressly subject 
to the terms and conditions of the Altera Program License 
Subscription Agreement, Altera MegaCore Function License 
Agreement, or other applicable license agreement, including, 
without limitation, that your use is for the sole purpose of 
programming logic devices manufactured by Altera and sold by 
Altera or its authorized distributors.  Please refer to the 
applicable agreement for further details.



+-----------------------------------------------------------------------------------+
; Flow Summary                                                                      ;
+------------------------------------+----------------------------------------------+
; Flow Status                        ; Successful - Fri Jun 09 15:37:12 2017        ;
; Quartus II Version                 ; 9.1 Build 304 01/25/2010 SP 1 SJ Web Edition ;
; Revision Name                      ; finalPRO                                     ;
; Top-level Entity Name              ; finalPRO                                     ;
; Family                             ; Cyclone III                                  ;
; Device                             ; EP3C16F484C6                                 ;
; Timing Models                      ; Final                                        ;
; Met timing requirements            ; N/A                                          ;
; Total logic elements               ; 166 / 15,408 ( 1 % )                         ;
;     Total combinational functions  ; 165 / 15,408 ( 1 % )                         ;
;     Dedicated logic registers      ; 54 / 15,408 ( < 1 % )                        ;
; Total registers                    ; 54                                           ;
; Total pins                         ; 44 / 347 ( 13 % )                            ;
; Total virtual pins                 ; 0                                            ;
; Total memory bits                  ; 0 / 516,096 ( 0 % )                          ;
; Embedded Multiplier 9-bit elements ; 0 / 112 ( 0 % )                              ;
; Total PLLs                         ; 0 / 4 ( 0 % )                                ;
+------------------------------------+----------------------------------------------+


+-----------------------------------------+
; Flow Settings                           ;
+-------------------+---------------------+
; Option            ; Setting             ;
+-------------------+---------------------+
; Start date & time ; 06/09/2017 15:37:01 ;
; Main task         ; Compilation         ;
; Revision Name     ; finalPRO            ;
+-------------------+---------------------+


+--------------------------------------------------------------------------------------------------------------------------------------+
; Flow Non-Default Global Settings                                                                                                     ;
+------------------------------------+--------------------------------------------+---------------+-------------+----------------------+
; Assignment Name                    ; Value                                      ; Default Value ; Entity Name ; Section Id           ;
+------------------------------------+--------------------------------------------+---------------+-------------+----------------------+
; COMPILER_SIGNATURE_ID              ; 211380405380202.149699382104840            ; --            ; --          ; --                   ;
; EDA_DESIGN_ENTRY_SYNTHESIS_TOOL    ; Design Compiler                            ; <None>        ; --          ; --                   ;
; EDA_INPUT_DATA_FORMAT              ; Verilog Hdl                                ; --            ; --          ; eda_design_synthesis ;
; EDA_INPUT_VCC_NAME                 ; Vdd                                        ; --            ; --          ; eda_design_synthesis ;
; EDA_LMF_FILE                       ; altsyn.lmf                                 ; --            ; --          ; eda_design_synthesis ;
; EDA_OUTPUT_DATA_FORMAT             ; Verilog Hdl                                ; --            ; --          ; eda_simulation       ;
; EDA_SIMULATION_TOOL                ; ModelSim-Altera (Verilog)                  ; <None>        ; --          ; --                   ;
; EDA_TIME_SCALE                     ; 1 ps                                       ; --            ; --          ; eda_simulation       ;
; MAX_CORE_JUNCTION_TEMP             ; 85                                         ; --            ; --          ; --                   ;
; MIN_CORE_JUNCTION_TEMP             ; 0                                          ; --            ; --          ; --                   ;
; MISC_FILE                          ; C:/Users/user/Desktop/FINAL/finalPRO.dpf   ; --            ; --          ; --                   ;
; MISC_FILE                          ; C:/Users/user/Downloads/FINAL/finalPRO.dpf ; --            ; --          ; --                   ;
; NOMINAL_CORE_SUPPLY_VOLTAGE        ; 1.2V                                       ; --            ; --          ; --                   ;
; PARTITION_COLOR                    ; 16764057                                   ; --            ; --          ; Top                  ;
; PARTITION_NETLIST_TYPE             ; SOURCE                                     ; --            ; --          ; Top                  ;
; USE_GENERATED_PHYSICAL_CONSTRAINTS ; Off                                        ; --            ; --          ; eda_blast_fpga       ;
+------------------------------------+--------------------------------------------+---------------+-------------+----------------------+


+-------------------------------------------------------------------------------------------------------------------------------+
; Flow Elapsed Time                                                                                                             ;
+---------------------------+--------------+-------------------------+---------------------+------------------------------------+
; Module Name               ; Elapsed Time ; Average Processors Used ; Peak Virtual Memory ; Total CPU Time (on all processors) ;
+---------------------------+--------------+-------------------------+---------------------+------------------------------------+
; Analysis & Synthesis      ; 00:00:01     ; 1.0                     ; 209 MB              ; 00:00:01                           ;
; Fitter                    ; 00:00:04     ; 1.0                     ; 253 MB              ; 00:00:04                           ;
; TimeQuest Timing Analyzer ; 00:00:02     ; 1.0                     ; 204 MB              ; 00:00:02                           ;
; Assembler                 ; 00:00:00     ; 1.0                     ; 214 MB              ; 00:00:01                           ;
; EDA Netlist Writer        ; 00:00:01     ; 1.0                     ; 170 MB              ; 00:00:01                           ;
; Total                     ; 00:00:08     ; --                      ; --                  ; 00:00:08                           ;
+---------------------------+--------------+-------------------------+---------------------+------------------------------------+


+--------------------------------------------------------------------------------------------+
; Flow OS Summary                                                                            ;
+---------------------------+------------------+---------------+------------+----------------+
; Module Name               ; Machine Hostname ; OS Name       ; OS Version ; Processor type ;
+---------------------------+------------------+---------------+------------+----------------+
; Analysis & Synthesis      ; PC-013           ; Windows Vista ; 6.1        ; x86_64         ;
; Fitter                    ; PC-013           ; Windows Vista ; 6.1        ; x86_64         ;
; Assembler                 ; PC-013           ; Windows Vista ; 6.1        ; x86_64         ;
; TimeQuest Timing Analyzer ; PC-013           ; Windows Vista ; 6.1        ; x86_64         ;
; EDA Netlist Writer        ; PC-013           ; Windows Vista ; 6.1        ; x86_64         ;
+---------------------------+------------------+---------------+------------+----------------+


------------
; Flow Log ;
------------
quartus_map --read_settings_files=on --write_settings_files=off finalPRO -c finalPRO
quartus_fit --read_settings_files=off --write_settings_files=off finalPRO -c finalPRO
quartus_asm --read_settings_files=off --write_settings_files=off finalPRO -c finalPRO
quartus_sta finalPRO -c finalPRO
quartus_eda --read_settings_files=off --write_settings_files=off finalPRO -c finalPRO



